This is pdfTeX, Version 3.14159265-2.6-1.40.20 (MiKTeX 2.9.7140 64-bit) (preloaded format=pdflatex 2019.8.28)  30 AUG 2019 10:45
entering extended mode
**"H:/My Drive/SOLIDWORKS/SW_AUTOMARK/2_CODE_For_AUTOMark_II/ConsolidatedProjec
t/source/REPORTTOOLS/LatexPrinting/ExampleStudent_12345678_assignsub/report.tex
"

("H:/My Drive/SOLIDWORKS/SW_AUTOMARK/2_CODE_For_AUTOMark_II/ConsolidatedProject
/source/REPORTTOOLS/LatexPrinting/ExampleStudent_12345678_assignsub/report.tex"
LaTeX2e <2018-12-01>
("C:\Users\dnobes\AppData\Local\Programs\MiKTeX 2.9\tex/latex/base\article.cls"
Document Class: article 2018/09/03 v1.4i Standard LaTeX document class
("C:\Users\dnobes\AppData\Local\Programs\MiKTeX 2.9\tex/latex/base\size10.clo"
File: size10.clo 2018/09/03 v1.4i Standard LaTeX file (size option)
)
\c@part=\count80
\c@section=\count81
\c@subsection=\count82
\c@subsubsection=\count83
\c@paragraph=\count84
\c@subparagraph=\count85
\c@figure=\count86
\c@table=\count87
\abovecaptionskip=\skip41
\belowcaptionskip=\skip42
\bibindent=\dimen102
)
("C:\Users\dnobes\AppData\Local\Programs\MiKTeX 2.9\tex/latex/incgraph\incgraph
.sty"
Package: incgraph 2015/03/12 version 1.12 LaTeX special graphics inclusion

("C:\Users\dnobes\AppData\Local\Programs\MiKTeX 2.9\tex/latex/pgf/utilities\pgf
keys.sty"
("C:\Users\dnobes\AppData\Local\Programs\MiKTeX 2.9\tex/generic/pgf/utilities\p
gfkeys.code.tex"
\pgfkeys@pathtoks=\toks14
\pgfkeys@temptoks=\toks15

("C:\Users\dnobes\AppData\Local\Programs\MiKTeX 2.9\tex/generic/pgf/utilities\p
gfkeysfiltered.code.tex"
\pgfkeys@tmptoks=\toks16
)))
("C:\Users\dnobes\AppData\Local\Programs\MiKTeX 2.9\tex/latex/pgf/basiclayer\pg
f.sty"
("C:\Users\dnobes\AppData\Local\Programs\MiKTeX 2.9\tex/latex/pgf/utilities\pgf
rcs.sty"
("C:\Users\dnobes\AppData\Local\Programs\MiKTeX 2.9\tex/generic/pgf/utilities\p
gfutil-common.tex"
\pgfutil@everybye=\toks17
\pgfutil@tempdima=\dimen103
\pgfutil@tempdimb=\dimen104

("C:\Users\dnobes\AppData\Local\Programs\MiKTeX 2.9\tex/generic/pgf/utilities\p
gfutil-common-lists.tex"))
("C:\Users\dnobes\AppData\Local\Programs\MiKTeX 2.9\tex/generic/pgf/utilities\p
gfutil-latex.def"
\pgfutil@abb=\box27

("C:\Users\dnobes\AppData\Local\Programs\MiKTeX 2.9\tex/latex/ms\everyshi.sty"
Package: everyshi 2001/05/15 v3.00 EveryShipout Package (MS)
))
("C:\Users\dnobes\AppData\Local\Programs\MiKTeX 2.9\tex/generic/pgf/utilities\p
gfrcs.code.tex"
("C:\Users\dnobes\AppData\Local\Programs\MiKTeX 2.9\tex/generic/pgf\pgf.revisio
n.tex")
Package: pgfrcs 2019/08/03 v3.1.4b (3.1.4b)
))
Package: pgf 2019/08/03 v3.1.4b (3.1.4b)

("C:\Users\dnobes\AppData\Local\Programs\MiKTeX 2.9\tex/latex/pgf/basiclayer\pg
fcore.sty"
("C:\Users\dnobes\AppData\Local\Programs\MiKTeX 2.9\tex/latex/graphics\graphicx
.sty"
Package: graphicx 2017/06/01 v1.1a Enhanced LaTeX Graphics (DPC,SPQR)

("C:\Users\dnobes\AppData\Local\Programs\MiKTeX 2.9\tex/latex/graphics\keyval.s
ty"
Package: keyval 2014/10/28 v1.15 key=value parser (DPC)
\KV@toks@=\toks18
)
("C:\Users\dnobes\AppData\Local\Programs\MiKTeX 2.9\tex/latex/graphics\graphics
.sty"
Package: graphics 2017/06/25 v1.2c Standard LaTeX Graphics (DPC,SPQR)

("C:\Users\dnobes\AppData\Local\Programs\MiKTeX 2.9\tex/latex/graphics\trig.sty
"
Package: trig 2016/01/03 v1.10 sin cos tan (DPC)
)
("C:\Users\dnobes\AppData\Local\Programs\MiKTeX 2.9\tex/latex/graphics-cfg\grap
hics.cfg"
File: graphics.cfg 2016/06/04 v1.11 sample graphics configuration
)
Package graphics Info: Driver file: pdftex.def on input line 99.

("C:\Users\dnobes\AppData\Local\Programs\MiKTeX 2.9\tex/latex/graphics-def\pdft
ex.def"
File: pdftex.def 2018/01/08 v1.0l Graphics/color driver for pdftex
))
\Gin@req@height=\dimen105
\Gin@req@width=\dimen106
)
("C:\Users\dnobes\AppData\Local\Programs\MiKTeX 2.9\tex/latex/pgf/systemlayer\p
gfsys.sty"
("C:\Users\dnobes\AppData\Local\Programs\MiKTeX 2.9\tex/generic/pgf/systemlayer
\pgfsys.code.tex"
Package: pgfsys 2019/08/03 v3.1.4b (3.1.4b)

("C:\Users\dnobes\AppData\Local\Programs\MiKTeX 2.9\tex/generic/pgf/utilities\p
gfkeys.code.tex")
\pgf@x=\dimen107
\pgf@y=\dimen108
\pgf@xa=\dimen109
\pgf@ya=\dimen110
\pgf@xb=\dimen111
\pgf@yb=\dimen112
\pgf@xc=\dimen113
\pgf@yc=\dimen114
\pgf@xd=\dimen115
\pgf@yd=\dimen116
\w@pgf@writea=\write3
\r@pgf@reada=\read1
\c@pgf@counta=\count88
\c@pgf@countb=\count89
\c@pgf@countc=\count90
\c@pgf@countd=\count91
\t@pgf@toka=\toks19
\t@pgf@tokb=\toks20
\t@pgf@tokc=\toks21
\pgf@sys@id@count=\count92

("C:\Users\dnobes\AppData\Local\Programs\MiKTeX 2.9\tex/generic/pgf/systemlayer
\pgf.cfg"
File: pgf.cfg 2019/08/03 v3.1.4b (3.1.4b)
)
Driver file for pgf: pgfsys-pdftex.def

("C:\Users\dnobes\AppData\Local\Programs\MiKTeX 2.9\tex/generic/pgf/systemlayer
\pgfsys-pdftex.def"
File: pgfsys-pdftex.def 2019/08/03 v3.1.4b (3.1.4b)

("C:\Users\dnobes\AppData\Local\Programs\MiKTeX 2.9\tex/generic/pgf/systemlayer
\pgfsys-common-pdf.def"
File: pgfsys-common-pdf.def 2019/08/03 v3.1.4b (3.1.4b)
)))
("C:\Users\dnobes\AppData\Local\Programs\MiKTeX 2.9\tex/generic/pgf/systemlayer
\pgfsyssoftpath.code.tex"
File: pgfsyssoftpath.code.tex 2019/08/03 v3.1.4b (3.1.4b)
\pgfsyssoftpath@smallbuffer@items=\count93
\pgfsyssoftpath@bigbuffer@items=\count94
)
("C:\Users\dnobes\AppData\Local\Programs\MiKTeX 2.9\tex/generic/pgf/systemlayer
\pgfsysprotocol.code.tex"
File: pgfsysprotocol.code.tex 2019/08/03 v3.1.4b (3.1.4b)
))
("C:\Users\dnobes\AppData\Local\Programs\MiKTeX 2.9\tex/latex/xcolor\xcolor.sty
"
Package: xcolor 2016/05/11 v2.12 LaTeX color extensions (UK)

("C:\Users\dnobes\AppData\Local\Programs\MiKTeX 2.9\tex/latex/graphics-cfg\colo
r.cfg"
File: color.cfg 2016/01/02 v1.6 sample color configuration
)
Package xcolor Info: Driver file: pdftex.def on input line 225.
Package xcolor Info: Model `cmy' substituted by `cmy0' on input line 1348.
Package xcolor Info: Model `hsb' substituted by `rgb' on input line 1352.
Package xcolor Info: Model `RGB' extended on input line 1364.
Package xcolor Info: Model `HTML' substituted by `rgb' on input line 1366.
Package xcolor Info: Model `Hsb' substituted by `hsb' on input line 1367.
Package xcolor Info: Model `tHsb' substituted by `hsb' on input line 1368.
Package xcolor Info: Model `HSB' substituted by `hsb' on input line 1369.
Package xcolor Info: Model `Gray' substituted by `gray' on input line 1370.
Package xcolor Info: Model `wave' substituted by `hsb' on input line 1371.
)
("C:\Users\dnobes\AppData\Local\Programs\MiKTeX 2.9\tex/generic/pgf/basiclayer\
pgfcore.code.tex"
Package: pgfcore 2019/08/03 v3.1.4b (3.1.4b)

("C:\Users\dnobes\AppData\Local\Programs\MiKTeX 2.9\tex/generic/pgf/math\pgfmat
h.code.tex"
("C:\Users\dnobes\AppData\Local\Programs\MiKTeX 2.9\tex/generic/pgf/math\pgfmat
hcalc.code.tex"
("C:\Users\dnobes\AppData\Local\Programs\MiKTeX 2.9\tex/generic/pgf/math\pgfmat
hutil.code.tex")
("C:\Users\dnobes\AppData\Local\Programs\MiKTeX 2.9\tex/generic/pgf/math\pgfmat
hparser.code.tex"
\pgfmath@dimen=\dimen117
\pgfmath@count=\count95
\pgfmath@box=\box28
\pgfmath@toks=\toks22
\pgfmath@stack@operand=\toks23
\pgfmath@stack@operation=\toks24
)
("C:\Users\dnobes\AppData\Local\Programs\MiKTeX 2.9\tex/generic/pgf/math\pgfmat
hfunctions.code.tex"
("C:\Users\dnobes\AppData\Local\Programs\MiKTeX 2.9\tex/generic/pgf/math\pgfmat
hfunctions.basic.code.tex")
("C:\Users\dnobes\AppData\Local\Programs\MiKTeX 2.9\tex/generic/pgf/math\pgfmat
hfunctions.trigonometric.code.tex")
("C:\Users\dnobes\AppData\Local\Programs\MiKTeX 2.9\tex/generic/pgf/math\pgfmat
hfunctions.random.code.tex")
("C:\Users\dnobes\AppData\Local\Programs\MiKTeX 2.9\tex/generic/pgf/math\pgfmat
hfunctions.comparison.code.tex")
("C:\Users\dnobes\AppData\Local\Programs\MiKTeX 2.9\tex/generic/pgf/math\pgfmat
hfunctions.base.code.tex")
("C:\Users\dnobes\AppData\Local\Programs\MiKTeX 2.9\tex/generic/pgf/math\pgfmat
hfunctions.round.code.tex")
("C:\Users\dnobes\AppData\Local\Programs\MiKTeX 2.9\tex/generic/pgf/math\pgfmat
hfunctions.misc.code.tex")
("C:\Users\dnobes\AppData\Local\Programs\MiKTeX 2.9\tex/generic/pgf/math\pgfmat
hfunctions.integerarithmetics.code.tex")))
("C:\Users\dnobes\AppData\Local\Programs\MiKTeX 2.9\tex/generic/pgf/math\pgfmat
hfloat.code.tex"
\c@pgfmathroundto@lastzeros=\count96
))
("C:\Users\dnobes\AppData\Local\Programs\MiKTeX 2.9\tex/generic/pgf/math\pgfint
.code.tex")
("C:\Users\dnobes\AppData\Local\Programs\MiKTeX 2.9\tex/generic/pgf/basiclayer\
pgfcorepoints.code.tex"
File: pgfcorepoints.code.tex 2019/08/03 v3.1.4b (3.1.4b)
\pgf@picminx=\dimen118
\pgf@picmaxx=\dimen119
\pgf@picminy=\dimen120
\pgf@picmaxy=\dimen121
\pgf@pathminx=\dimen122
\pgf@pathmaxx=\dimen123
\pgf@pathminy=\dimen124
\pgf@pathmaxy=\dimen125
\pgf@xx=\dimen126
\pgf@xy=\dimen127
\pgf@yx=\dimen128
\pgf@yy=\dimen129
\pgf@zx=\dimen130
\pgf@zy=\dimen131
)
("C:\Users\dnobes\AppData\Local\Programs\MiKTeX 2.9\tex/generic/pgf/basiclayer\
pgfcorepathconstruct.code.tex"
File: pgfcorepathconstruct.code.tex 2019/08/03 v3.1.4b (3.1.4b)
\pgf@path@lastx=\dimen132
\pgf@path@lasty=\dimen133
)
("C:\Users\dnobes\AppData\Local\Programs\MiKTeX 2.9\tex/generic/pgf/basiclayer\
pgfcorepathusage.code.tex"
File: pgfcorepathusage.code.tex 2019/08/03 v3.1.4b (3.1.4b)
\pgf@shorten@end@additional=\dimen134
\pgf@shorten@start@additional=\dimen135
)
("C:\Users\dnobes\AppData\Local\Programs\MiKTeX 2.9\tex/generic/pgf/basiclayer\
pgfcorescopes.code.tex"
File: pgfcorescopes.code.tex 2019/08/03 v3.1.4b (3.1.4b)
\pgfpic=\box29
\pgf@hbox=\box30
\pgf@layerbox@main=\box31
\pgf@picture@serial@count=\count97
)
("C:\Users\dnobes\AppData\Local\Programs\MiKTeX 2.9\tex/generic/pgf/basiclayer\
pgfcoregraphicstate.code.tex"
File: pgfcoregraphicstate.code.tex 2019/08/03 v3.1.4b (3.1.4b)
\pgflinewidth=\dimen136
)
("C:\Users\dnobes\AppData\Local\Programs\MiKTeX 2.9\tex/generic/pgf/basiclayer\
pgfcoretransformations.code.tex"
File: pgfcoretransformations.code.tex 2019/08/03 v3.1.4b (3.1.4b)
\pgf@pt@x=\dimen137
\pgf@pt@y=\dimen138
\pgf@pt@temp=\dimen139
)
("C:\Users\dnobes\AppData\Local\Programs\MiKTeX 2.9\tex/generic/pgf/basiclayer\
pgfcorequick.code.tex"
File: pgfcorequick.code.tex 2019/08/03 v3.1.4b (3.1.4b)
)
("C:\Users\dnobes\AppData\Local\Programs\MiKTeX 2.9\tex/generic/pgf/basiclayer\
pgfcoreobjects.code.tex"
File: pgfcoreobjects.code.tex 2019/08/03 v3.1.4b (3.1.4b)
)
("C:\Users\dnobes\AppData\Local\Programs\MiKTeX 2.9\tex/generic/pgf/basiclayer\
pgfcorepathprocessing.code.tex"
File: pgfcorepathprocessing.code.tex 2019/08/03 v3.1.4b (3.1.4b)
)
("C:\Users\dnobes\AppData\Local\Programs\MiKTeX 2.9\tex/generic/pgf/basiclayer\
pgfcorearrows.code.tex"
File: pgfcorearrows.code.tex 2019/08/03 v3.1.4b (3.1.4b)
\pgfarrowsep=\dimen140
)
("C:\Users\dnobes\AppData\Local\Programs\MiKTeX 2.9\tex/generic/pgf/basiclayer\
pgfcoreshade.code.tex"
File: pgfcoreshade.code.tex 2019/08/03 v3.1.4b (3.1.4b)
\pgf@max=\dimen141
\pgf@sys@shading@range@num=\count98
\pgf@shadingcount=\count99
)
("C:\Users\dnobes\AppData\Local\Programs\MiKTeX 2.9\tex/generic/pgf/basiclayer\
pgfcoreimage.code.tex"
File: pgfcoreimage.code.tex 2019/08/03 v3.1.4b (3.1.4b)

("C:\Users\dnobes\AppData\Local\Programs\MiKTeX 2.9\tex/generic/pgf/basiclayer\
pgfcoreexternal.code.tex"
File: pgfcoreexternal.code.tex 2019/08/03 v3.1.4b (3.1.4b)
\pgfexternal@startupbox=\box32
))
("C:\Users\dnobes\AppData\Local\Programs\MiKTeX 2.9\tex/generic/pgf/basiclayer\
pgfcorelayers.code.tex"
File: pgfcorelayers.code.tex 2019/08/03 v3.1.4b (3.1.4b)
)
("C:\Users\dnobes\AppData\Local\Programs\MiKTeX 2.9\tex/generic/pgf/basiclayer\
pgfcoretransparency.code.tex"
File: pgfcoretransparency.code.tex 2019/08/03 v3.1.4b (3.1.4b)
)
("C:\Users\dnobes\AppData\Local\Programs\MiKTeX 2.9\tex/generic/pgf/basiclayer\
pgfcorepatterns.code.tex"
File: pgfcorepatterns.code.tex 2019/08/03 v3.1.4b (3.1.4b)
)
("C:\Users\dnobes\AppData\Local\Programs\MiKTeX 2.9\tex/generic/pgf/basiclayer\
pgfcorerdf.code.tex"
File: pgfcorerdf.code.tex 2019/08/03 v3.1.4b (3.1.4b)
)))
("C:\Users\dnobes\AppData\Local\Programs\MiKTeX 2.9\tex/generic/pgf/modules\pgf
moduleshapes.code.tex"
File: pgfmoduleshapes.code.tex 2019/08/03 v3.1.4b (3.1.4b)
\pgfnodeparttextbox=\box33
)
("C:\Users\dnobes\AppData\Local\Programs\MiKTeX 2.9\tex/generic/pgf/modules\pgf
moduleplot.code.tex"
File: pgfmoduleplot.code.tex 2019/08/03 v3.1.4b (3.1.4b)
)
("C:\Users\dnobes\AppData\Local\Programs\MiKTeX 2.9\tex/latex/pgf/compatibility
\pgfcomp-version-0-65.sty"
Package: pgfcomp-version-0-65 2019/08/03 v3.1.4b (3.1.4b)
\pgf@nodesepstart=\dimen142
\pgf@nodesepend=\dimen143
)
("C:\Users\dnobes\AppData\Local\Programs\MiKTeX 2.9\tex/latex/pgf/compatibility
\pgfcomp-version-1-18.sty"
Package: pgfcomp-version-1-18 2019/08/03 v3.1.4b (3.1.4b)
))
("C:\Users\dnobes\AppData\Local\Programs\MiKTeX 2.9\tex/latex/pgf/utilities\pgf
for.sty"
("C:\Users\dnobes\AppData\Local\Programs\MiKTeX 2.9\tex/latex/pgf/math\pgfmath.
sty"
("C:\Users\dnobes\AppData\Local\Programs\MiKTeX 2.9\tex/generic/pgf/math\pgfmat
h.code.tex"))
("C:\Users\dnobes\AppData\Local\Programs\MiKTeX 2.9\tex/generic/pgf/utilities\p
gffor.code.tex"
Package: pgffor 2019/08/03 v3.1.4b (3.1.4b)

("C:\Users\dnobes\AppData\Local\Programs\MiKTeX 2.9\tex/generic/pgf/math\pgfmat
h.code.tex")
\pgffor@iter=\dimen144
\pgffor@skip=\dimen145
\pgffor@stack=\toks25
\pgffor@toks=\toks26
))
("C:\Users\dnobes\AppData\Local\Programs\MiKTeX 2.9\tex/latex/oberdiek\bookmark
.sty"
Package: bookmark 2019/06/04 v1.27 PDF bookmarks (HO)

("C:\Users\dnobes\AppData\Local\Programs\MiKTeX 2.9\tex/generic/oberdiek\pdfesc
ape.sty"
Package: pdfescape 2016/05/16 v1.14 Implements pdfTeX's escape features (HO)

("C:\Users\dnobes\AppData\Local\Programs\MiKTeX 2.9\tex/generic/oberdiek\ltxcmd
s.sty"
Package: ltxcmds 2016/05/16 v1.23 LaTeX kernel commands for general use (HO)
)
("C:\Users\dnobes\AppData\Local\Programs\MiKTeX 2.9\tex/generic/oberdiek\pdftex
cmds.sty"
Package: pdftexcmds 2019/07/25 v0.30 Utility functions of pdfTeX for LuaTeX (HO
)

("C:\Users\dnobes\AppData\Local\Programs\MiKTeX 2.9\tex/generic/oberdiek\infwar
err.sty"
Package: infwarerr 2016/05/16 v1.4 Providing info/warning/error messages (HO)
)
("C:\Users\dnobes\AppData\Local\Programs\MiKTeX 2.9\tex/generic/oberdiek\ifluat
ex.sty"
Package: ifluatex 2016/05/16 v1.4 Provides the ifluatex switch (HO)
Package ifluatex Info: LuaTeX not detected.
)
("C:\Users\dnobes\AppData\Local\Programs\MiKTeX 2.9\tex/generic/oberdiek\ifpdf.
sty"
Package: ifpdf 2018/09/07 v3.3 Provides the ifpdf switch
)
Package pdftexcmds Info: LuaTeX not detected.
Package pdftexcmds Info: \pdf@primitive is available.
Package pdftexcmds Info: \pdf@ifprimitive is available.
Package pdftexcmds Info: \pdfdraftmode found.
))
("C:\Users\dnobes\AppData\Local\Programs\MiKTeX 2.9\tex/generic/ifxetex\ifxetex
.sty"
Package: ifxetex 2010/09/12 v0.6 Provides ifxetex conditional
)
("C:\Users\dnobes\AppData\Local\Programs\MiKTeX 2.9\tex/generic/oberdiek\ifvtex
.sty"
Package: ifvtex 2016/05/16 v1.6 Detect VTeX and its facilities (HO)
Package ifvtex Info: VTeX not detected.
)
("C:\Users\dnobes\AppData\Local\Programs\MiKTeX 2.9\tex/latex/hyperref\hyperref
.sty"
Package: hyperref 2019/06/12 v6.88h Hypertext links for LaTeX

("C:\Users\dnobes\AppData\Local\Programs\MiKTeX 2.9\tex/generic/oberdiek\hobsub
-hyperref.sty"
Package: hobsub-hyperref 2016/05/16 v1.14 Bundle oberdiek, subset hyperref (HO)


("C:\Users\dnobes\AppData\Local\Programs\MiKTeX 2.9\tex/generic/oberdiek\hobsub
-generic.sty"
Package: hobsub-generic 2016/05/16 v1.14 Bundle oberdiek, subset generic (HO)
Package: hobsub 2016/05/16 v1.14 Construct package bundles (HO)
Package hobsub Info: Skipping package `infwarerr' (already loaded).
Package hobsub Info: Skipping package `ltxcmds' (already loaded).
Package hobsub Info: Skipping package `ifluatex' (already loaded).
Package hobsub Info: Skipping package `ifvtex' (already loaded).
Package: intcalc 2016/05/16 v1.2 Expandable calculations with integers (HO)
Package hobsub Info: Skipping package `ifpdf' (already loaded).
Package: etexcmds 2016/05/16 v1.6 Avoid name clashes with e-TeX commands (HO)
Package: kvsetkeys 2016/05/16 v1.17 Key value parser (HO)
Package: kvdefinekeys 2016/05/16 v1.4 Define keys (HO)
Package hobsub Info: Skipping package `pdftexcmds' (already loaded).
Package hobsub Info: Skipping package `pdfescape' (already loaded).
Package: bigintcalc 2016/05/16 v1.4 Expandable calculations on big integers (HO
)
Package: bitset 2016/05/16 v1.2 Handle bit-vector datatype (HO)
Package: uniquecounter 2016/05/16 v1.3 Provide unlimited unique counter (HO)
)
Package hobsub Info: Skipping package `hobsub' (already loaded).
Package: letltxmacro 2016/05/16 v1.5 Let assignment for LaTeX macros (HO)
Package: hopatch 2016/05/16 v1.3 Wrapper for package hooks (HO)
Package: xcolor-patch 2016/05/16 xcolor patch
Package: atveryend 2016/05/16 v1.9 Hooks at the very end of document (HO)
Package atveryend Info: \enddocument detected (standard20110627).
Package: atbegshi 2016/06/09 v1.18 At begin shipout hook (HO)
Package: refcount 2016/05/16 v3.5 Data extraction from label references (HO)
Package: hycolor 2016/05/16 v1.8 Color options for hyperref/bookmark (HO)
)
("C:\Users\dnobes\AppData\Local\Programs\MiKTeX 2.9\tex/latex/oberdiek\auxhook.
sty"
Package: auxhook 2016/05/16 v1.4 Hooks for auxiliary files (HO)
)
("C:\Users\dnobes\AppData\Local\Programs\MiKTeX 2.9\tex/latex/oberdiek\kvoption
s.sty"
Package: kvoptions 2016/05/16 v3.12 Key value format for package options (HO)
)
\@linkdim=\dimen146
\Hy@linkcounter=\count100
\Hy@pagecounter=\count101

("C:\Users\dnobes\AppData\Local\Programs\MiKTeX 2.9\tex/latex/hyperref\pd1enc.d
ef"
File: pd1enc.def 2019/06/12 v6.88h Hyperref: PDFDocEncoding definition (HO)
Now handling font encoding PD1 ...
... no UTF-8 mapping file for font encoding PD1
)
\Hy@SavedSpaceFactor=\count102

("C:\Users\dnobes\AppData\Local\Programs\MiKTeX 2.9\tex/latex/00miktex\hyperref
.cfg"
File: hyperref.cfg 2002/06/06 v1.2 hyperref configuration of TeXLive
)
Package hyperref Info: Hyper figures OFF on input line 4550.
Package hyperref Info: Link nesting OFF on input line 4555.
Package hyperref Info: Hyper index ON on input line 4558.
Package hyperref Info: Plain pages OFF on input line 4565.
Package hyperref Info: Backreferencing OFF on input line 4570.
Package hyperref Info: Implicit mode ON; LaTeX internals redefined.
Package hyperref Info: Bookmarks ON on input line 4803.
\c@Hy@tempcnt=\count103
 ("C:\Users\dnobes\AppData\Local\Programs\MiKTeX 2.9\tex/latex/url\url.sty"
\Urlmuskip=\muskip10
Package: url 2013/09/16  ver 3.4  Verb mode for urls, etc.
)
LaTeX Info: Redefining \url on input line 5156.
\XeTeXLinkMargin=\dimen147
\Fld@menulength=\count104
\Field@Width=\dimen148
\Fld@charsize=\dimen149
Package hyperref Info: Hyper figures OFF on input line 6411.
Package hyperref Info: Link nesting OFF on input line 6416.
Package hyperref Info: Hyper index ON on input line 6419.
Package hyperref Info: backreferencing OFF on input line 6426.
Package hyperref Info: Link coloring OFF on input line 6431.
Package hyperref Info: Link coloring with OCG OFF on input line 6436.
Package hyperref Info: PDF/A mode OFF on input line 6441.
LaTeX Info: Redefining \ref on input line 6481.
LaTeX Info: Redefining \pageref on input line 6485.
\Hy@abspage=\count105
\c@Item=\count106
\c@Hfootnote=\count107
)
Package hyperref Info: Driver (autodetected): hpdftex.

("C:\Users\dnobes\AppData\Local\Programs\MiKTeX 2.9\tex/latex/hyperref\hpdftex.
def"
File: hpdftex.def 2019/06/12 v6.88h Hyperref driver for pdfTeX
\Fld@listcount=\count108
\c@bookmark@seq@number=\count109

("C:\Users\dnobes\AppData\Local\Programs\MiKTeX 2.9\tex/latex/oberdiek\rerunfil
echeck.sty"
Package: rerunfilecheck 2016/05/16 v1.8 Rerun checks for auxiliary files (HO)
Package uniquecounter Info: New unique counter `rerunfilecheck' on input line 2
82.
)
\Hy@SectionHShift=\skip43
)
("C:\Users\dnobes\AppData\Local\Programs\MiKTeX 2.9\tex/latex/oberdiek\bkm-pdft
ex.def"
File: bkm-pdftex.def 2019/06/04 v1.27 bookmark driver for pdfTeX (HO)
\BKM@id=\count110
))
\igrbox=\box34
\igr@length=\dimen150
\c@igrtarget=\count111
)
("C:\Users\dnobes\AppData\Local\Programs\MiKTeX 2.9\tex/latex/pgf/frontendlayer
\tikz.sty"
("C:\Users\dnobes\AppData\Local\Programs\MiKTeX 2.9\tex/generic/pgf/frontendlay
er/tikz\tikz.code.tex"
Package: tikz 2019/08/03 v3.1.4b (3.1.4b)

("C:\Users\dnobes\AppData\Local\Programs\MiKTeX 2.9\tex/generic/pgf/libraries\p
gflibraryplothandlers.code.tex"
File: pgflibraryplothandlers.code.tex 2019/08/03 v3.1.4b (3.1.4b)
\pgf@plot@mark@count=\count112
\pgfplotmarksize=\dimen151
)
\tikz@lastx=\dimen152
\tikz@lasty=\dimen153
\tikz@lastxsaved=\dimen154
\tikz@lastysaved=\dimen155
\tikz@lastmovetox=\dimen156
\tikz@lastmovetoy=\dimen157
\tikzleveldistance=\dimen158
\tikzsiblingdistance=\dimen159
\tikz@figbox=\box35
\tikz@figbox@bg=\box36
\tikz@tempbox=\box37
\tikz@tempbox@bg=\box38
\tikztreelevel=\count113
\tikznumberofchildren=\count114
\tikznumberofcurrentchild=\count115
\tikz@fig@count=\count116

("C:\Users\dnobes\AppData\Local\Programs\MiKTeX 2.9\tex/generic/pgf/modules\pgf
modulematrix.code.tex"
File: pgfmodulematrix.code.tex 2019/08/03 v3.1.4b (3.1.4b)
\pgfmatrixcurrentrow=\count117
\pgfmatrixcurrentcolumn=\count118
\pgf@matrix@numberofcolumns=\count119
)
\tikz@expandcount=\count120

("C:\Users\dnobes\AppData\Local\Programs\MiKTeX 2.9\tex/generic/pgf/frontendlay
er/tikz/libraries\tikzlibrarytopaths.code.tex"
File: tikzlibrarytopaths.code.tex 2019/08/03 v3.1.4b (3.1.4b)
)))
\savedpageheight=\skip44
\savedpagewidth=\skip45

("H:\My Drive\SOLIDWORKS\SW_AUTOMARK\2_CODE_For_AUTOMark_II\ConsolidatedProject
\source\REPORTTOOLS\LatexPrinting\ExampleStudent_12345678_assignsub\report.aux"
)
\openout1 = `report.aux'.

LaTeX Font Info:    Checking defaults for OML/cmm/m/it on input line 34.
LaTeX Font Info:    ... okay on input line 34.
LaTeX Font Info:    Checking defaults for T1/cmr/m/n on input line 34.
LaTeX Font Info:    ... okay on input line 34.
LaTeX Font Info:    Checking defaults for OT1/cmr/m/n on input line 34.
LaTeX Font Info:    ... okay on input line 34.
LaTeX Font Info:    Checking defaults for OMS/cmsy/m/n on input line 34.
LaTeX Font Info:    ... okay on input line 34.
LaTeX Font Info:    Checking defaults for OMX/cmex/m/n on input line 34.
LaTeX Font Info:    ... okay on input line 34.
LaTeX Font Info:    Checking defaults for U/cmr/m/n on input line 34.
LaTeX Font Info:    ... okay on input line 34.
LaTeX Font Info:    Checking defaults for PD1/pdf/m/n on input line 34.
LaTeX Font Info:    ... okay on input line 34.
 ABD: EveryShipout initializing macros
("C:\Users\dnobes\AppData\Local\Programs\MiKTeX 2.9\tex/context/base/mkii\supp-
pdf.mkii"
[Loading MPS to PDF converter (version 2006.09.02).]
\scratchcounter=\count121
\scratchdimen=\dimen160
\scratchbox=\box39
\nofMPsegments=\count122
\nofMParguments=\count123
\everyMPshowfont=\toks27
\MPscratchCnt=\count124
\MPscratchDim=\dimen161
\MPnumerator=\count125
\makeMPintoPDFobject=\count126
\everyMPtoPDFconversion=\toks28
)
("C:\Users\dnobes\AppData\Local\Programs\MiKTeX 2.9\tex/latex/oberdiek\epstopdf
-base.sty"
Package: epstopdf-base 2016/05/15 v2.6 Base part for package epstopdf

("C:\Users\dnobes\AppData\Local\Programs\MiKTeX 2.9\tex/latex/oberdiek\grfext.s
ty"
Package: grfext 2016/05/16 v1.2 Manage graphics extensions (HO)
)
Package epstopdf-base Info: Redefining graphics rule for `.eps' on input line 4
38.
Package grfext Info: Graphics extension search list:
(grfext)             [.pdf,.png,.jpg,.mps,.jpeg,.jbig2,.jb2,.PDF,.PNG,.JPG,.JPE
G,.JBIG2,.JB2,.eps]
(grfext)             \AppendGraphicsExtensions on input line 456.
)
\AtBeginShipoutBox=\box40
Package hyperref Info: Link coloring OFF on input line 34.

("C:\Users\dnobes\AppData\Local\Programs\MiKTeX 2.9\tex/latex/hyperref\nameref.
sty"
Package: nameref 2016/05/21 v2.44 Cross-referencing by name of section

("C:\Users\dnobes\AppData\Local\Programs\MiKTeX 2.9\tex/generic/oberdiek\gettit
lestring.sty"
Package: gettitlestring 2016/05/16 v1.5 Cleanup title references (HO)
)
\c@section@level=\count127
)
LaTeX Info: Redefining \ref on input line 34.
LaTeX Info: Redefining \pageref on input line 34.
LaTeX Info: Redefining \nameref on input line 34.
LaTeX Font Info:    External font `cmex10' loaded for size
(Font)              <12> on input line 37.
LaTeX Font Info:    External font `cmex10' loaded for size
(Font)              <8> on input line 37.
LaTeX Font Info:    External font `cmex10' loaded for size
(Font)              <6> on input line 37.


LaTeX Warning: No \author given.

<"./Sheets/Sheet1".png, id=6, 1228.59pt x 794.97pt>
File: "./Sheets/Sheet1".png Graphic file (type png)
<use "./Sheets/Sheet1".png>
Package pdftex.def Info: "./Sheets/Sheet1".png  used on input line 38.
(pdftex.def)             Requested size: 1228.587pt x 794.96806pt.
[1

{C:/Users/dnobes/AppData/Local/MiKTeX/2.9/pdftex/config/pdftex.map}]pdfTeX warn
ing (ext4): destination with the same identifier (name{page.}) has been already
 used, duplicate ignored
<to be read again> 
                   \relax 
l.38 ...udentSheetOverlay}]{"./Sheets/Sheet1".png}
                                                   [2 <H:/My Drive/SOLIDWORKS/S
W_AUTOMARK/2_CODE_For_AUTOMark_II/ConsolidatedProject/source/REPORTTOOLS/LatexP
rinting/ExampleStudent_12345678_assignsub/Sheets/Sheet1.png (PNG copy)>]
<"./ReportImages/Sheet1".png, id=19, 1228.59pt x 794.97pt>
File: "./ReportImages/Sheet1".png Graphic file (type png)
<use "./ReportImages/Sheet1".png>
Package pdftex.def Info: "./ReportImages/Sheet1".png  used on input line 39.
(pdftex.def)             Requested size: 1228.587pt x 794.96806pt.
pdfTeX warning (ext4): destination with the same identifier (name{page.}) has b
een already used, duplicate ignored
<to be read again> 
                   \relax 
l.39 ...heetOverlay}]{"./ReportImages/Sheet1".png}
                                                   [3 <H:/My Drive/SOLIDWORKS/S
W_AUTOMARK/2_CODE_For_AUTOMark_II/ConsolidatedProject/source/REPORTTOOLS/LatexP
rinting/ExampleStudent_12345678_assignsub/ReportImages/Sheet1.png (PNG copy)>]
<"./KeySheets/Sheet1".png, id=26, 1228.59pt x 794.97pt>
File: "./KeySheets/Sheet1".png Graphic file (type png)
<use "./KeySheets/Sheet1".png>
Package pdftex.def Info: "./KeySheets/Sheet1".png  used on input line 40.
(pdftex.def)             Requested size: 1228.587pt x 794.96806pt.
pdfTeX warning (ext4): destination with the same identifier (name{page.}) has b
een already used, duplicate ignored
<to be read again> 
                   \relax 
l.40 ...eySheetOverlay}]{"./KeySheets/Sheet1".png}
                                                   [4 <H:/My Drive/SOLIDWORKS/S
W_AUTOMARK/2_CODE_For_AUTOMark_II/ConsolidatedProject/source/REPORTTOOLS/LatexP
rinting/ExampleStudent_12345678_assignsub/KeySheets/Sheet1.png (PNG copy)>]
Package atveryend Info: Empty hook `BeforeClearDocument' on input line 42.
Package atveryend Info: Empty hook `AfterLastShipout' on input line 42.

("H:\My Drive\SOLIDWORKS\SW_AUTOMARK\2_CODE_For_AUTOMark_II\ConsolidatedProject
\source\REPORTTOOLS\LatexPrinting\ExampleStudent_12345678_assignsub\report.aux"
)
Package atveryend Info: Executing hook `AtVeryEndDocument' on input line 42.
Package atveryend Info: Empty hook `AtEndAfterFileList' on input line 42.
Package atveryend Info: Empty hook `AtVeryVeryEnd' on input line 42.
 ) 
Here is how much of TeX's memory you used:
 15859 strings out of 492895
 311750 string characters out of 3123268
 366271 words of memory out of 3000000
 19507 multiletter control sequences out of 15000+200000
 6974 words of font info for 25 fonts, out of 3000000 for 9000
 1141 hyphenation exceptions out of 8191
 54i,7n,58p,563b,637s stack positions out of 5000i,500n,10000p,200000b,50000s
<C:/Users/dnobes/AppData/Local/Programs/MiKTeX 2.9/fonts/type1/public/amsfont
s/cm/cmr17.pfb>
Output written on "H:\My Drive\SOLIDWORKS\SW_AUTOMARK\2_CODE_For_AUTOMark_II\Co
nsolidatedProject\source\REPORTTOOLS\LatexPrinting\ExampleStudent_12345678_assi
gnsub\report.pdf" (4 pages, 498600 bytes).
PDF statistics:
 41 PDF objects out of 1000 (max. 8388607)
 11 named destinations out of 1000 (max. 500000)
 28 words of extra memory for PDF output out of 10000 (max. 10000000)

